[15:36:27] [ServerMain/INFO]: Environment: Environment[sessionHost=https://sessionserver.mojang.com, servicesHost=https://api.minecraftservices.com, name=PROD]
[15:36:30] [ServerMain/INFO]: Loaded 1370 recipes
[15:36:30] [Server thread/INFO]: Starting minecraft server version 1.21.4
[15:36:30] [Server thread/INFO]: Loading properties
[15:36:30] [Server thread/INFO]: This server is running CraftBukkit version 4416-Spigot-33ece3e-c905a71 (MC: 1.21.4) (Implementing API version 1.21.4-R0.1-SNAPSHOT)
[15:36:31] [Server thread/INFO]: *** This version of Spigot contains changes to some enums. If you notice that plugins no longer work after updating, please report this to the developers of those plugins first. ***
[15:36:31] [Server thread/INFO]: *** If you cannot update those plugins, you can try setting `settings.compatibility.enum-compatibility-mode` to `true` in `bukkit.yml`. ***
[15:36:31] [Server thread/INFO]: Debug logging is disabled
[15:36:31] [Server thread/INFO]: Server Ping Player Sample Count: 12
[15:36:31] [Server thread/INFO]: Using 4 threads for Netty based IO
[15:36:31] [Server thread/INFO]: Default game type: SURVIVAL
[15:36:31] [Server thread/INFO]: Generating keypair
[15:36:31] [Server thread/INFO]: Starting Minecraft server on *:25565
[15:36:31] [Server thread/INFO]: Using default channel type
[15:36:31] [Server thread/ERROR]: Ambiguous plugin name `Chunky' for files `plugins\Chunky-Bukkit-1.4.28.jar' and `plugins\Chunky-1.3.146.jar'
[15:36:32] [Server thread/INFO]: [Geyser-Spigot] Loading Geyser-Spigot v2.6.0-SNAPSHOT
[15:36:33] [Server thread/INFO]: [Geyser-Spigot] Cargando extensiónes...
[15:36:33] [Server thread/INFO]: [Geyser-Spigot] 0 extension(es) cargada(s)
[15:36:33] [Server thread/INFO]: [Chunky] Loading Chunky v1.4.28
[15:36:33] [Server thread/INFO]: Preparing level "world"
[15:36:33] [Server thread/INFO]: -------- World Settings For [world] --------
[15:36:33] [Server thread/INFO]: Experience Merge Radius: 3.0
[15:36:33] [Server thread/INFO]: Hopper Transfer: 8 Hopper Check: 1 Hopper Amount: 1 Hopper Can Load Chunks: false
[15:36:33] [Server thread/INFO]: Nerfing mobs spawned from spawners: false
[15:36:33] [Server thread/INFO]: Zombie Aggressive Towards Villager: true
[15:36:33] [Server thread/INFO]: Tile Max Tick Time: 50ms Entity max Tick Time: 50ms
[15:36:33] [Server thread/INFO]: Entity Tracking Range: Pl 48 / An 48 / Mo 48 / Mi 32 / Di 128 / Other 64
[15:36:33] [Server thread/INFO]: Custom Map Seeds:  Village: 10387312 Desert: 14357617 Igloo: 14357618 Jungle: 14357619 Swamp: 14357620 Monument: 10387313 Ocean: 14357621 Shipwreck: 165745295 End City: 10387313 Slime: 987234911 Nether: 30084232 Mansion: 10387319 Fossil: 14357921 Portal: 34222645
[15:36:33] [Server thread/INFO]: Max TNT Explosions: 100
[15:36:33] [Server thread/INFO]: Entity Activation Range: An 32 / Mo 32 / Ra 48 / Mi 16 / Tiv true / Isa false
[15:36:33] [Server thread/INFO]: Item Merge Radius: 2.5
[15:36:33] [Server thread/INFO]: Item Despawn Rate: 6000
[15:36:33] [Server thread/INFO]: Simulation Distance: 32
[15:36:33] [Server thread/INFO]: View Distance: 32
[15:36:33] [Server thread/INFO]: Allow Zombie Pigmen to spawn from portal blocks: true
[15:36:33] [Server thread/INFO]: Arrow Despawn Rate: 1200 Trident Respawn Rate:1200
[15:36:33] [Server thread/INFO]: Cactus Growth Modifier: 100%
[15:36:33] [Server thread/INFO]: Cane Growth Modifier: 100%
[15:36:33] [Server thread/INFO]: Melon Growth Modifier: 100%
[15:36:33] [Server thread/INFO]: Mushroom Growth Modifier: 100%
[15:36:33] [Server thread/INFO]: Pumpkin Growth Modifier: 100%
[15:36:33] [Server thread/INFO]: Sapling Growth Modifier: 100%
[15:36:33] [Server thread/INFO]: Beetroot Growth Modifier: 100%
[15:36:33] [Server thread/INFO]: Carrot Growth Modifier: 100%
[15:36:33] [Server thread/INFO]: Potato Growth Modifier: 100%
[15:36:33] [Server thread/INFO]: Wheat Growth Modifier: 100%
[15:36:33] [Server thread/INFO]: NetherWart Growth Modifier: 100%
[15:36:33] [Server thread/INFO]: Vine Growth Modifier: 100%
[15:36:33] [Server thread/INFO]: Cocoa Growth Modifier: 100%
[15:36:33] [Server thread/INFO]: Bamboo Growth Modifier: 100%
[15:36:33] [Server thread/INFO]: SweetBerry Growth Modifier: 100%
[15:36:33] [Server thread/INFO]: Kelp Growth Modifier: 100%
[15:36:33] [Server thread/INFO]: TwistingVines Growth Modifier: 100%
[15:36:33] [Server thread/INFO]: WeepingVines Growth Modifier: 100%
[15:36:33] [Server thread/INFO]: CaveVines Growth Modifier: 100%
[15:36:33] [Server thread/INFO]: Mob Spawn Range: 6
[15:36:33] [Server thread/INFO]: -------- World Settings For [world_nether] --------
[15:36:33] [Server thread/INFO]: Experience Merge Radius: 3.0
[15:36:33] [Server thread/INFO]: Hopper Transfer: 8 Hopper Check: 1 Hopper Amount: 1 Hopper Can Load Chunks: false
[15:36:33] [Server thread/INFO]: Nerfing mobs spawned from spawners: false
[15:36:33] [Server thread/INFO]: Zombie Aggressive Towards Villager: true
[15:36:33] [Server thread/INFO]: Tile Max Tick Time: 50ms Entity max Tick Time: 50ms
[15:36:33] [Server thread/INFO]: Entity Tracking Range: Pl 48 / An 48 / Mo 48 / Mi 32 / Di 128 / Other 64
[15:36:33] [Server thread/INFO]: Custom Map Seeds:  Village: 10387312 Desert: 14357617 Igloo: 14357618 Jungle: 14357619 Swamp: 14357620 Monument: 10387313 Ocean: 14357621 Shipwreck: 165745295 End City: 10387313 Slime: 987234911 Nether: 30084232 Mansion: 10387319 Fossil: 14357921 Portal: 34222645
[15:36:33] [Server thread/INFO]: Max TNT Explosions: 100
[15:36:33] [Server thread/INFO]: Entity Activation Range: An 32 / Mo 32 / Ra 48 / Mi 16 / Tiv true / Isa false
[15:36:33] [Server thread/INFO]: Item Merge Radius: 2.5
[15:36:33] [Server thread/INFO]: Item Despawn Rate: 6000
[15:36:33] [Server thread/INFO]: Simulation Distance: 32
[15:36:33] [Server thread/INFO]: View Distance: 32
[15:36:33] [Server thread/INFO]: Allow Zombie Pigmen to spawn from portal blocks: true
[15:36:33] [Server thread/INFO]: Arrow Despawn Rate: 1200 Trident Respawn Rate:1200
[15:36:33] [Server thread/INFO]: Cactus Growth Modifier: 100%
[15:36:33] [Server thread/INFO]: Cane Growth Modifier: 100%
[15:36:33] [Server thread/INFO]: Melon Growth Modifier: 100%
[15:36:33] [Server thread/INFO]: Mushroom Growth Modifier: 100%
[15:36:33] [Server thread/INFO]: Pumpkin Growth Modifier: 100%
[15:36:33] [Server thread/INFO]: Sapling Growth Modifier: 100%
[15:36:33] [Server thread/INFO]: Beetroot Growth Modifier: 100%
[15:36:33] [Server thread/INFO]: Carrot Growth Modifier: 100%
[15:36:33] [Server thread/INFO]: Potato Growth Modifier: 100%
[15:36:33] [Server thread/INFO]: Wheat Growth Modifier: 100%
[15:36:33] [Server thread/INFO]: NetherWart Growth Modifier: 100%
[15:36:33] [Server thread/INFO]: Vine Growth Modifier: 100%
[15:36:33] [Server thread/INFO]: Cocoa Growth Modifier: 100%
[15:36:33] [Server thread/INFO]: Bamboo Growth Modifier: 100%
[15:36:33] [Server thread/INFO]: SweetBerry Growth Modifier: 100%
[15:36:33] [Server thread/INFO]: Kelp Growth Modifier: 100%
[15:36:33] [Server thread/INFO]: TwistingVines Growth Modifier: 100%
[15:36:33] [Server thread/INFO]: WeepingVines Growth Modifier: 100%
[15:36:33] [Server thread/INFO]: CaveVines Growth Modifier: 100%
[15:36:33] [Server thread/INFO]: Mob Spawn Range: 6
[15:36:33] [Server thread/INFO]: -------- World Settings For [world_the_end] --------
[15:36:33] [Server thread/INFO]: Experience Merge Radius: 3.0
[15:36:33] [Server thread/INFO]: Hopper Transfer: 8 Hopper Check: 1 Hopper Amount: 1 Hopper Can Load Chunks: false
[15:36:33] [Server thread/INFO]: Nerfing mobs spawned from spawners: false
[15:36:33] [Server thread/INFO]: Zombie Aggressive Towards Villager: true
[15:36:33] [Server thread/INFO]: Tile Max Tick Time: 50ms Entity max Tick Time: 50ms
[15:36:33] [Server thread/INFO]: Entity Tracking Range: Pl 48 / An 48 / Mo 48 / Mi 32 / Di 128 / Other 64
[15:36:33] [Server thread/INFO]: Custom Map Seeds:  Village: 10387312 Desert: 14357617 Igloo: 14357618 Jungle: 14357619 Swamp: 14357620 Monument: 10387313 Ocean: 14357621 Shipwreck: 165745295 End City: 10387313 Slime: 987234911 Nether: 30084232 Mansion: 10387319 Fossil: 14357921 Portal: 34222645
[15:36:33] [Server thread/INFO]: Max TNT Explosions: 100
[15:36:33] [Server thread/INFO]: Entity Activation Range: An 32 / Mo 32 / Ra 48 / Mi 16 / Tiv true / Isa false
[15:36:33] [Server thread/INFO]: Item Merge Radius: 2.5
[15:36:33] [Server thread/INFO]: Item Despawn Rate: 6000
[15:36:33] [Server thread/INFO]: Simulation Distance: 32
[15:36:33] [Server thread/INFO]: View Distance: 32
[15:36:33] [Server thread/INFO]: Allow Zombie Pigmen to spawn from portal blocks: true
[15:36:33] [Server thread/INFO]: Arrow Despawn Rate: 1200 Trident Respawn Rate:1200
[15:36:33] [Server thread/INFO]: Cactus Growth Modifier: 100%
[15:36:33] [Server thread/INFO]: Cane Growth Modifier: 100%
[15:36:33] [Server thread/INFO]: Melon Growth Modifier: 100%
[15:36:33] [Server thread/INFO]: Mushroom Growth Modifier: 100%
[15:36:33] [Server thread/INFO]: Pumpkin Growth Modifier: 100%
[15:36:33] [Server thread/INFO]: Sapling Growth Modifier: 100%
[15:36:33] [Server thread/INFO]: Beetroot Growth Modifier: 100%
[15:36:33] [Server thread/INFO]: Carrot Growth Modifier: 100%
[15:36:33] [Server thread/INFO]: Potato Growth Modifier: 100%
[15:36:33] [Server thread/INFO]: Wheat Growth Modifier: 100%
[15:36:33] [Server thread/INFO]: NetherWart Growth Modifier: 100%
[15:36:33] [Server thread/INFO]: Vine Growth Modifier: 100%
[15:36:33] [Server thread/INFO]: Cocoa Growth Modifier: 100%
[15:36:33] [Server thread/INFO]: Bamboo Growth Modifier: 100%
[15:36:33] [Server thread/INFO]: SweetBerry Growth Modifier: 100%
[15:36:33] [Server thread/INFO]: Kelp Growth Modifier: 100%
[15:36:33] [Server thread/INFO]: TwistingVines Growth Modifier: 100%
[15:36:33] [Server thread/INFO]: WeepingVines Growth Modifier: 100%
[15:36:33] [Server thread/INFO]: CaveVines Growth Modifier: 100%
[15:36:33] [Server thread/INFO]: Mob Spawn Range: 6
[15:36:33] [Server thread/INFO]: Preparing start region for dimension minecraft:overworld
[15:36:34] [Worker-Main-4/INFO]: Preparing spawn area: 0%
[15:36:34] [Worker-Main-4/INFO]: Preparing spawn area: 0%
[15:36:34] [Worker-Main-4/INFO]: Preparing spawn area: 0%
[15:36:35] [Worker-Main-4/INFO]: Preparing spawn area: 8%
[15:36:35] [Server thread/INFO]: Time elapsed: 1598 ms
[15:36:35] [Server thread/INFO]: Preparing start region for dimension minecraft:the_nether
[15:36:35] [Worker-Main-2/INFO]: Preparing spawn area: 0%
[15:36:35] [Server thread/INFO]: Time elapsed: 353 ms
[15:36:35] [Server thread/INFO]: Preparing start region for dimension minecraft:the_end
[15:36:35] [Worker-Main-2/INFO]: Preparing spawn area: 0%
[15:36:35] [Server thread/INFO]: Time elapsed: 145 ms
[15:36:35] [Server thread/INFO]: [Geyser-Spigot] Enabling Geyser-Spigot v2.6.0-SNAPSHOT
[15:36:36] [Server thread/INFO]: [Chunky] Enabling Chunky v1.4.28
[15:36:36] [Server thread/INFO]: Server permissions file permissions.yml is empty, ignoring it
[15:36:36] [Server thread/INFO]: [Geyser-Spigot] ******************************************
[15:36:36] [Server thread/INFO]: [Geyser-Spigot] 
[15:36:36] [Server thread/INFO]: [Geyser-Spigot] Cargando Geyser versión 2.6.0-b739 (git-master-623ec2b)
[15:36:36] [Server thread/INFO]: [Geyser-Spigot] 
[15:36:36] [Server thread/INFO]: [Geyser-Spigot] ******************************************
[15:36:40] [Server thread/INFO]: [Geyser-Spigot] Geyser se inició en el puerto UDP 19132
[15:36:40] [Server thread/INFO]: [Geyser-Spigot] ¡Listo (4.533s)! ¡Escribe /geyser help para obtener ayuda!
[15:36:40] [Server thread/INFO]: Done (7.827s)! For help, type "help"
[15:39:13] [Server thread/INFO]: Stopping server
[15:39:13] [Server thread/INFO]: [Chunky] Disabling Chunky v1.4.28
[15:39:13] [Server thread/INFO]: [Geyser-Spigot] Disabling Geyser-Spigot v2.6.0-SNAPSHOT
[15:39:13] [Server thread/INFO]: [Geyser-Spigot] Apagando Geyser.
[15:39:13] [Server thread/INFO]: [Geyser-Spigot] Geyser ha sido apagado correctamente.
[15:39:13] [Server thread/INFO]: Saving players
[15:39:13] [Server thread/INFO]: Saving worlds
[15:39:13] [Server thread/INFO]: Saving chunks for level 'ServerLevel[world]'/minecraft:overworld
[15:39:13] [Server thread/INFO]: Saving chunks for level 'ServerLevel[world_nether]'/minecraft:the_nether
[15:39:13] [Server thread/INFO]: Saving chunks for level 'ServerLevel[world_the_end]'/minecraft:the_end
[15:39:13] [Server thread/INFO]: ThreadedAnvilChunkStorage (world): All chunks are saved
[15:39:13] [Server thread/INFO]: ThreadedAnvilChunkStorage (DIM-1): All chunks are saved
[15:39:13] [Server thread/INFO]: ThreadedAnvilChunkStorage (DIM1): All chunks are saved
[15:39:13] [Server thread/INFO]: ThreadedAnvilChunkStorage: All dimensions are saved
